Using pre-set license
Built from '2020.3/staging' branch; Version is '2020.3.9f1 (108be757e447) revision 1084391'; Using compiler version '192528614'; Build Type 'Release'
OS: 'Windows 10 Pro; OS build 19042.1052; Version 2009; 64bit' Language: 'en' Physical Memory: 8125 MB
BatchMode: 1, IsHumanControllingUs: 0, StartBugReporterOnCrash: 0, Is64bit: 1, IsPro: 0

 COMMAND LINE ARGUMENTS:
C:\Program Files\Unity\Hub\Editor\2020.3.9f1\Editor\Unity.exe
-adb2
-batchMode
-noUpm
-name
AssetImportWorker0
-projectPath
C:/Users/bevan/OneDrive/Documents/GitHub/Command Pattern
-logFile
Logs/AssetImportWorker0.log
-srvPort
58216
Successfully changed project path to: C:/Users/bevan/OneDrive/Documents/GitHub/Command Pattern
C:/Users/bevan/OneDrive/Documents/GitHub/Command Pattern
Using Asset Import Pipeline V2.
Refreshing native plugins compatible for Editor in 21.35 ms, found 0 plugins.
Preloading 0 native plugins for Editor in 0.00 ms.
Initialize engine version: 2020.3.9f1 (108be757e447)
[Subsystems] Discovering subsystems at path C:/Program Files/Unity/Hub/Editor/2020.3.9f1/Editor/Data/Resources/UnitySubsystems
[Subsystems] Discovering subsystems at path C:/Users/bevan/OneDrive/Documents/GitHub/Command Pattern/Assets
GfxDevice: creating device client; threaded=0
Direct3D:
    Version:  Direct3D 11.0 [level 11.1]
    Renderer: NVIDIA GeForce GTX 1060 6GB (ID=0x1c03)
    Vendor:   
    VRAM:     6052 MB
    Driver:   27.21.14.6089
Initialize mono
Mono path[0] = 'C:/Program Files/Unity/Hub/Editor/2020.3.9f1/Editor/Data/Managed'
Mono path[1] = 'C:/Program Files/Unity/Hub/Editor/2020.3.9f1/Editor/Data/MonoBleedingEdge/lib/mono/unityjit'
Mono config path = 'C:/Program Files/Unity/Hub/Editor/2020.3.9f1/Editor/Data/MonoBleedingEdge/etc'
Using monoOptions --debugger-agent=transport=dt_socket,embedding=1,server=y,suspend=n,address=127.0.0.1:56600
Begin MonoManager ReloadAssembly
Registering precompiled unity dll's ...
Register platform support module: C:/Program Files/Unity/Hub/Editor/2020.3.9f1/Editor/Data/PlaybackEngines/WindowsStandaloneSupport/UnityEditor.WindowsStandalone.Extensions.dll
Registered in 0.001612 seconds.
Native extension for WindowsStandalone target not found
Refreshing native plugins compatible for Editor in 21.06 ms, found 0 plugins.
Preloading 0 native plugins for Editor in 0.00 ms.
Mono: successfully reloaded assembly
- Completed reload, in  0.932 seconds
Platform modules already initialized, skipping
Registering precompiled user dll's ...
Registered in 0.000599 seconds.
Begin MonoManager ReloadAssembly
Native extension for WindowsStandalone target not found
Refreshing native plugins compatible for Editor in 0.21 ms, found 0 plugins.
Preloading 0 native plugins for Editor in 0.00 ms.
Mono: successfully reloaded assembly
- Completed reload, in  0.784 seconds
Platform modules already initialized, skipping
========================================================================
Worker process is ready to serve import requests
Launched and connected shader compiler UnityShaderCompiler.exe after 0.05 seconds
Refreshing native plugins compatible for Editor in 0.21 ms, found 0 plugins.
Preloading 0 native plugins for Editor in 0.00 ms.
Unloading 1119 Unused Serialized files (Serialized files now loaded: 0)
System memory in use before: 57.2 MB.
System memory in use after: 57.3 MB.

Unloading 10 unused Assets to reduce memory usage. Loaded Objects now: 1561.
Total: 1.591600 ms (FindLiveObjects: 0.114500 ms CreateObjectMapping: 0.028600 ms MarkObjects: 1.361600 ms  DeleteObjects: 0.085800 ms)

========================================================================
Received Import Request.
  path: Assets/Scenes
  artifactKey: Guid(86c26e01ff8e2a9408e3b9e0e9b5bedd) Importer(815301076,1909f56bfc062723c751e8b465ee728b)
Start importing Assets/Scenes using Guid(86c26e01ff8e2a9408e3b9e0e9b5bedd) Importer(815301076,1909f56bfc062723c751e8b465ee728b)  -> (artifact id: '08ab3fc46efd1414fafd88918a762a91') in 0.010960 seconds
  Import took 0.012759 seconds .

========================================================================
Received Import Request.
  Time since last request: 61.093228 seconds.
  path: Assets/Scripts/InputManager.cs
  artifactKey: Guid(708be4e6b97ebc844a0a8de098b50777) Importer(815301076,1909f56bfc062723c751e8b465ee728b)
Start importing Assets/Scripts/InputManager.cs using Guid(708be4e6b97ebc844a0a8de098b50777) Importer(815301076,1909f56bfc062723c751e8b465ee728b)  -> (artifact id: 'f9fe35d813e96e9614345835f3f739b3') in 0.034249 seconds
  Import took 0.036319 seconds .

========================================================================
Received Prepare
Registering precompiled user dll's ...
Registered in 0.000746 seconds.
Begin MonoManager ReloadAssembly
Native extension for WindowsStandalone target not found
Refreshing native plugins compatible for Editor in 0.21 ms, found 0 plugins.
Preloading 0 native plugins for Editor in 0.00 ms.
Mono: successfully reloaded assembly
- Completed reload, in  0.741 seconds
Platform modules already initialized, skipping
Refreshing native plugins compatible for Editor in 0.21 ms, found 0 plugins.
Preloading 0 native plugins for Editor in 0.00 ms.
Unloading 1114 Unused Serialized files (Serialized files now loaded: 0)
System memory in use before: 57.1 MB.
System memory in use after: 57.2 MB.

Unloading 5 unused Assets to reduce memory usage. Loaded Objects now: 1564.
Total: 1.536800 ms (FindLiveObjects: 0.119500 ms CreateObjectMapping: 0.033600 ms MarkObjects: 1.320900 ms  DeleteObjects: 0.062300 ms)

========================================================================
Received Import Request.
  Time since last request: 55.597100 seconds.
  path: Assets/Scripts/Move.cs
  artifactKey: Guid(168c4202324c0ad4e82e6fae9651854a) Importer(815301076,1909f56bfc062723c751e8b465ee728b)
Start importing Assets/Scripts/Move.cs using Guid(168c4202324c0ad4e82e6fae9651854a) Importer(815301076,1909f56bfc062723c751e8b465ee728b)  -> (artifact id: 'ffe5ea51003b86f008be7afde106f301') in 0.011321 seconds
  Import took 0.014199 seconds .

========================================================================
Received Prepare
Registering precompiled user dll's ...
Registered in 0.000834 seconds.
Begin MonoManager ReloadAssembly
Native extension for WindowsStandalone target not found
Refreshing native plugins compatible for Editor in 0.21 ms, found 0 plugins.
Preloading 0 native plugins for Editor in 0.00 ms.
Mono: successfully reloaded assembly
- Completed reload, in  0.778 seconds
Platform modules already initialized, skipping
Refreshing native plugins compatible for Editor in 0.21 ms, found 0 plugins.
Preloading 0 native plugins for Editor in 0.00 ms.
Unloading 1114 Unused Serialized files (Serialized files now loaded: 0)
System memory in use before: 57.2 MB.
System memory in use after: 57.3 MB.

Unloading 5 unused Assets to reduce memory usage. Loaded Objects now: 1567.
Total: 1.884700 ms (FindLiveObjects: 0.318200 ms CreateObjectMapping: 0.069500 ms MarkObjects: 1.443700 ms  DeleteObjects: 0.052200 ms)

========================================================================
Received Import Request.
  Time since last request: 165.418444 seconds.
  path: Assets/Scripts/InputManager.cs
  artifactKey: Guid(708be4e6b97ebc844a0a8de098b50777) Importer(815301076,1909f56bfc062723c751e8b465ee728b)
Start importing Assets/Scripts/InputManager.cs using Guid(708be4e6b97ebc844a0a8de098b50777) Importer(815301076,1909f56bfc062723c751e8b465ee728b)  -> (artifact id: '8a0f1d13b8f26b2068765b250af93b97') in 0.007059 seconds
  Import took 0.009116 seconds .

========================================================================
Received Import Request.
  Time since last request: 0.102551 seconds.
  path: Assets/Scripts/InputManager.cs
  artifactKey: Guid(708be4e6b97ebc844a0a8de098b50777) Importer(815301076,1909f56bfc062723c751e8b465ee728b)
Start importing Assets/Scripts/InputManager.cs using Guid(708be4e6b97ebc844a0a8de098b50777) Importer(815301076,1909f56bfc062723c751e8b465ee728b)  -> (artifact id: '8a0f1d13b8f26b2068765b250af93b97') in 0.013096 seconds
  Import took 0.015865 seconds .

========================================================================
Received Prepare
Registering precompiled user dll's ...
Registered in 0.000778 seconds.
Begin MonoManager ReloadAssembly
Native extension for WindowsStandalone target not found
Refreshing native plugins compatible for Editor in 0.21 ms, found 0 plugins.
Preloading 0 native plugins for Editor in 0.00 ms.
Mono: successfully reloaded assembly
- Completed reload, in  0.803 seconds
Platform modules already initialized, skipping
Refreshing native plugins compatible for Editor in 0.23 ms, found 0 plugins.
Preloading 0 native plugins for Editor in 0.00 ms.
Unloading 1114 Unused Serialized files (Serialized files now loaded: 0)
System memory in use before: 57.2 MB.
System memory in use after: 57.3 MB.

Unloading 5 unused Assets to reduce memory usage. Loaded Objects now: 1570.
Total: 2.316800 ms (FindLiveObjects: 0.166100 ms CreateObjectMapping: 0.044600 ms MarkObjects: 2.037100 ms  DeleteObjects: 0.067700 ms)

========================================================================
Received Import Request.
  Time since last request: 91.336384 seconds.
  path: Assets/Scripts/InputManager.cs
  artifactKey: Guid(708be4e6b97ebc844a0a8de098b50777) Importer(815301076,1909f56bfc062723c751e8b465ee728b)
Start importing Assets/Scripts/InputManager.cs using Guid(708be4e6b97ebc844a0a8de098b50777) Importer(815301076,1909f56bfc062723c751e8b465ee728b)  -> (artifact id: '9effa1eda9d53ff048edf88289fdc771') in 0.009166 seconds
  Import took 0.012075 seconds .

========================================================================
Received Prepare
Registering precompiled user dll's ...
Registered in 0.000684 seconds.
Begin MonoManager ReloadAssembly
Native extension for WindowsStandalone target not found
Refreshing native plugins compatible for Editor in 0.26 ms, found 0 plugins.
Preloading 0 native plugins for Editor in 0.00 ms.
Mono: successfully reloaded assembly
- Completed reload, in  0.875 seconds
Platform modules already initialized, skipping
Refreshing native plugins compatible for Editor in 0.20 ms, found 0 plugins.
Preloading 0 native plugins for Editor in 0.00 ms.
Unloading 1114 Unused Serialized files (Serialized files now loaded: 0)
System memory in use before: 57.2 MB.
System memory in use after: 57.3 MB.

Unloading 5 unused Assets to reduce memory usage. Loaded Objects now: 1573.
Total: 1.672400 ms (FindLiveObjects: 0.115700 ms CreateObjectMapping: 0.031200 ms MarkObjects: 1.478700 ms  DeleteObjects: 0.046100 ms)

========================================================================
Received Import Request.
  Time since last request: 27.766292 seconds.
  path: Assets/Scripts/InputManager.cs
  artifactKey: Guid(708be4e6b97ebc844a0a8de098b50777) Importer(815301076,1909f56bfc062723c751e8b465ee728b)
Start importing Assets/Scripts/InputManager.cs using Guid(708be4e6b97ebc844a0a8de098b50777) Importer(815301076,1909f56bfc062723c751e8b465ee728b)  -> (artifact id: '9959b7ef62f9838e797cdd9baca57c3a') in 0.008649 seconds
  Import took 0.011581 seconds .

========================================================================
Received Prepare
Registering precompiled user dll's ...
Registered in 0.000598 seconds.
Begin MonoManager ReloadAssembly
Native extension for WindowsStandalone target not found
Refreshing native plugins compatible for Editor in 0.22 ms, found 0 plugins.
Preloading 0 native plugins for Editor in 0.00 ms.
Mono: successfully reloaded assembly
- Completed reload, in  0.773 seconds
Platform modules already initialized, skipping
Refreshing native plugins compatible for Editor in 0.21 ms, found 0 plugins.
Preloading 0 native plugins for Editor in 0.00 ms.
Unloading 1114 Unused Serialized files (Serialized files now loaded: 0)
System memory in use before: 57.2 MB.
System memory in use after: 57.3 MB.

Unloading 5 unused Assets to reduce memory usage. Loaded Objects now: 1576.
Total: 1.510800 ms (FindLiveObjects: 0.110600 ms CreateObjectMapping: 0.030400 ms MarkObjects: 1.324300 ms  DeleteObjects: 0.044600 ms)

========================================================================
Received Prepare
Registering precompiled user dll's ...
Registered in 0.000603 seconds.
Begin MonoManager ReloadAssembly
Native extension for WindowsStandalone target not found
Refreshing native plugins compatible for Editor in 0.21 ms, found 0 plugins.
Preloading 0 native plugins for Editor in 0.00 ms.
Mono: successfully reloaded assembly
- Completed reload, in  0.750 seconds
Platform modules already initialized, skipping
Refreshing native plugins compatible for Editor in 0.21 ms, found 0 plugins.
Preloading 0 native plugins for Editor in 0.00 ms.
Unloading 1114 Unused Serialized files (Serialized files now loaded: 0)
System memory in use before: 57.2 MB.
System memory in use after: 57.3 MB.

Unloading 5 unused Assets to reduce memory usage. Loaded Objects now: 1579.
Total: 1.623400 ms (FindLiveObjects: 0.117300 ms CreateObjectMapping: 0.033200 ms MarkObjects: 1.428800 ms  DeleteObjects: 0.043400 ms)

========================================================================
Received Prepare
Registering precompiled user dll's ...
Registered in 0.000603 seconds.
Begin MonoManager ReloadAssembly
Native extension for WindowsStandalone target not found
Refreshing native plugins compatible for Editor in 0.23 ms, found 0 plugins.
Preloading 0 native plugins for Editor in 0.00 ms.
Mono: successfully reloaded assembly
- Completed reload, in  0.752 seconds
Platform modules already initialized, skipping
Refreshing native plugins compatible for Editor in 0.24 ms, found 0 plugins.
Preloading 0 native plugins for Editor in 0.00 ms.
Unloading 1114 Unused Serialized files (Serialized files now loaded: 0)
System memory in use before: 57.2 MB.
System memory in use after: 57.3 MB.

Unloading 5 unused Assets to reduce memory usage. Loaded Objects now: 1582.
Total: 1.468700 ms (FindLiveObjects: 0.116700 ms CreateObjectMapping: 0.031700 ms MarkObjects: 1.271000 ms  DeleteObjects: 0.048500 ms)

========================================================================
Received Import Request.
  Time since last request: 360.646129 seconds.
  path: Assets/Scripts/Interfaces.cs
  artifactKey: Guid(decc8ff23419af64da8ced51be0b53ec) Importer(815301076,1909f56bfc062723c751e8b465ee728b)
Start importing Assets/Scripts/Interfaces.cs using Guid(decc8ff23419af64da8ced51be0b53ec) Importer(815301076,1909f56bfc062723c751e8b465ee728b)  -> (artifact id: '7f6c52bc35500d50c0debc44cbe6c1a4') in 0.011075 seconds
  Import took 0.014588 seconds .

========================================================================
Received Prepare
Registering precompiled user dll's ...
Registered in 0.000627 seconds.
Begin MonoManager ReloadAssembly
Native extension for WindowsStandalone target not found
Refreshing native plugins compatible for Editor in 0.22 ms, found 0 plugins.
Preloading 0 native plugins for Editor in 0.00 ms.
Mono: successfully reloaded assembly
- Completed reload, in  0.760 seconds
Platform modules already initialized, skipping
Refreshing native plugins compatible for Editor in 0.23 ms, found 0 plugins.
Preloading 0 native plugins for Editor in 0.00 ms.
Unloading 1114 Unused Serialized files (Serialized files now loaded: 0)
System memory in use before: 57.2 MB.
System memory in use after: 57.3 MB.

Unloading 5 unused Assets to reduce memory usage. Loaded Objects now: 1585.
Total: 1.742800 ms (FindLiveObjects: 0.119900 ms CreateObjectMapping: 0.030700 ms MarkObjects: 1.541600 ms  DeleteObjects: 0.049700 ms)

========================================================================
Received Import Request.
  Time since last request: 20.920681 seconds.
  path: Assets/Scripts/Interfaces.cs
  artifactKey: Guid(decc8ff23419af64da8ced51be0b53ec) Importer(815301076,1909f56bfc062723c751e8b465ee728b)
Start importing Assets/Scripts/Interfaces.cs using Guid(decc8ff23419af64da8ced51be0b53ec) Importer(815301076,1909f56bfc062723c751e8b465ee728b)  -> (artifact id: '262f3861d8739c00731be93afa6c3e60') in 0.003773 seconds
  Import took 0.006099 seconds .

========================================================================
Received Prepare
Registering precompiled user dll's ...
Registered in 0.000698 seconds.
Begin MonoManager ReloadAssembly
Native extension for WindowsStandalone target not found
Refreshing native plugins compatible for Editor in 0.21 ms, found 0 plugins.
Preloading 0 native plugins for Editor in 0.00 ms.
Mono: successfully reloaded assembly
- Completed reload, in  0.783 seconds
Platform modules already initialized, skipping
Refreshing native plugins compatible for Editor in 0.21 ms, found 0 plugins.
Preloading 0 native plugins for Editor in 0.00 ms.
Unloading 1114 Unused Serialized files (Serialized files now loaded: 0)
System memory in use before: 57.2 MB.
System memory in use after: 57.3 MB.

Unloading 5 unused Assets to reduce memory usage. Loaded Objects now: 1588.
Total: 1.594500 ms (FindLiveObjects: 0.116900 ms CreateObjectMapping: 0.029100 ms MarkObjects: 1.397900 ms  DeleteObjects: 0.049700 ms)

========================================================================
Received Import Request.
  Time since last request: 608.991156 seconds.
  path: Assets/Scripts/Interfaces.cs
  artifactKey: Guid(decc8ff23419af64da8ced51be0b53ec) Importer(815301076,1909f56bfc062723c751e8b465ee728b)
Start importing Assets/Scripts/Interfaces.cs using Guid(decc8ff23419af64da8ced51be0b53ec) Importer(815301076,1909f56bfc062723c751e8b465ee728b)  -> (artifact id: '0a9eb2e821167fc7a1a834d281e1e268') in 0.003809 seconds
  Import took 0.006254 seconds .

========================================================================
Received Prepare
Registering precompiled user dll's ...
Registered in 0.000626 seconds.
Begin MonoManager ReloadAssembly
Native extension for WindowsStandalone target not found
Refreshing native plugins compatible for Editor in 0.42 ms, found 0 plugins.
Preloading 0 native plugins for Editor in 0.00 ms.
Mono: successfully reloaded assembly
- Completed reload, in  0.902 seconds
Platform modules already initialized, skipping
Refreshing native plugins compatible for Editor in 0.23 ms, found 0 plugins.
Preloading 0 native plugins for Editor in 0.00 ms.
Unloading 1114 Unused Serialized files (Serialized files now loaded: 0)
System memory in use before: 57.2 MB.
System memory in use after: 57.3 MB.

Unloading 5 unused Assets to reduce memory usage. Loaded Objects now: 1591.
Total: 1.802400 ms (FindLiveObjects: 0.140400 ms CreateObjectMapping: 0.038200 ms MarkObjects: 1.570000 ms  DeleteObjects: 0.052500 ms)

========================================================================
Received Prepare
Registering precompiled user dll's ...
Registered in 0.000692 seconds.
Begin MonoManager ReloadAssembly
Native extension for WindowsStandalone target not found
Refreshing native plugins compatible for Editor in 0.21 ms, found 0 plugins.
Preloading 0 native plugins for Editor in 0.00 ms.
Mono: successfully reloaded assembly
- Completed reload, in  0.765 seconds
Platform modules already initialized, skipping
Refreshing native plugins compatible for Editor in 0.20 ms, found 0 plugins.
Preloading 0 native plugins for Editor in 0.00 ms.
Unloading 1114 Unused Serialized files (Serialized files now loaded: 0)
System memory in use before: 57.2 MB.
System memory in use after: 57.3 MB.

Unloading 5 unused Assets to reduce memory usage. Loaded Objects now: 1594.
Total: 1.670500 ms (FindLiveObjects: 0.151300 ms CreateObjectMapping: 0.030000 ms MarkObjects: 1.441100 ms  DeleteObjects: 0.047100 ms)

========================================================================
Received Prepare
Registering precompiled user dll's ...
Registered in 0.000682 seconds.
Begin MonoManager ReloadAssembly
Native extension for WindowsStandalone target not found
Refreshing native plugins compatible for Editor in 0.25 ms, found 0 plugins.
Preloading 0 native plugins for Editor in 0.00 ms.
Mono: successfully reloaded assembly
- Completed reload, in  0.813 seconds
Platform modules already initialized, skipping
Refreshing native plugins compatible for Editor in 0.21 ms, found 0 plugins.
Preloading 0 native plugins for Editor in 0.00 ms.
Unloading 1114 Unused Serialized files (Serialized files now loaded: 0)
System memory in use before: 57.2 MB.
System memory in use after: 57.3 MB.

Unloading 5 unused Assets to reduce memory usage. Loaded Objects now: 1597.
Total: 1.680900 ms (FindLiveObjects: 0.123100 ms CreateObjectMapping: 0.032800 ms MarkObjects: 1.475000 ms  DeleteObjects: 0.049000 ms)

========================================================================
Received Prepare
Registering precompiled user dll's ...
Registered in 0.000708 seconds.
Begin MonoManager ReloadAssembly
Native extension for WindowsStandalone target not found
Refreshing native plugins compatible for Editor in 0.32 ms, found 0 plugins.
Preloading 0 native plugins for Editor in 0.00 ms.
Mono: successfully reloaded assembly
- Completed reload, in  0.706 seconds
Platform modules already initialized, skipping
Refreshing native plugins compatible for Editor in 0.21 ms, found 0 plugins.
Preloading 0 native plugins for Editor in 0.00 ms.
Unloading 1114 Unused Serialized files (Serialized files now loaded: 0)
System memory in use before: 57.3 MB.
System memory in use after: 57.3 MB.

Unloading 5 unused Assets to reduce memory usage. Loaded Objects now: 1600.
Total: 1.596300 ms (FindLiveObjects: 0.120200 ms CreateObjectMapping: 0.033600 ms MarkObjects: 1.395700 ms  DeleteObjects: 0.046000 ms)

AssetImportWorkerClient::OnTransportError - code=2 error=End of file
